0 info it worked if it ends with ok
1 verbose cli [ 'C:\\Program Files (x86)\\nodejs\\node.exe',
1 verbose cli   'C:\\Program Files (x86)\\nodejs\\node_modules\\npm\\bin\\npm-cli.js',
1 verbose cli   'run',
1 verbose cli   'watch' ]
2 info using npm@3.10.8
3 info using node@v6.9.1
4 verbose run-script [ 'prewatch', 'watch', 'postwatch' ]
5 info lifecycle ui5manifest-language-server@0.0.1~prewatch: ui5manifest-language-server@0.0.1
6 silly lifecycle ui5manifest-language-server@0.0.1~prewatch: no script for prewatch, continuing
7 info lifecycle ui5manifest-language-server@0.0.1~watch: ui5manifest-language-server@0.0.1
8 verbose lifecycle ui5manifest-language-server@0.0.1~watch: unsafe-perm in lifecycle true
9 verbose lifecycle ui5manifest-language-server@0.0.1~watch: PATH: C:\Program Files (x86)\nodejs\node_modules\npm\bin\node-gyp-bin;c:\Dev\ui5tsextension\ui5manifestjsonserver\node_modules\.bin;C:\app\theusner\product\12.1.0\dbhome_1\bin;C:\ProgramData\Oracle\Java\javapath;C:\Program Files\Dell\DW WLAN Card;C:\Program Files (x86)\Intel\iCLS Client\;C:\Program Files\Intel\iCLS Client\;C:\Windows\system32;C:\Windows;C:\Windows\System32\Wbem;C:\Windows\System32\WindowsPowerShell\v1.0\;C:\Program Files (x86)\Intel\Intel(R) Management Engine Components\DAL;C:\Program Files\Intel\Intel(R) Management Engine Components\DAL;C:\Program Files (x86)\Intel\Intel(R) Management Engine Components\IPT;C:\Program Files\Intel\Intel(R) Management Engine Components\IPT;C:\Program Files\WIDCOMM\Bluetooth Software\;C:\Program Files\WIDCOMM\Bluetooth Software\syswow64;C:\Program Files (x86)\NVIDIA Corporation\PhysX\Common;C:\Program Files\Microsoft SQL Server\120\DTS\Binn\;C:\Program Files\Microsoft SQL Server\Client SDK\ODBC\110\Tools\Binn\;C:\Program Files (x86)\Microsoft SQL Server\120\Tools\Binn\;C:\Program Files\Microsoft SQL Server\120\Tools\Binn\;C:\Program Files (x86)\Microsoft SQL Server\120\Tools\Binn\ManagementStudio\;C:\Program Files (x86)\Microsoft SQL Server\120\DTS\Binn\;C:\WINDOWS\system32;C:\WINDOWS;C:\WINDOWS\System32\Wbem;C:\WINDOWS\System32\WindowsPowerShell\v1.0\;C:\Program Files\Microsoft\Web Platform Installer\;C:\Program Files\Microsoft SQL Server\130\Tools\Binn\;C:\Program Files\Git\cmd;c:\Program Files (x86)\Microsoft SQL Server\90\Tools\binn\;C:\Program Files (x86)\Microsoft SQL Server\110\DTS\Binn\;C:\Program Files (x86)\Microsoft SQL Server\130\DTS\Binn\;C:\Program Files (x86)\Windows Kits\10\Windows Performance Toolkit\;C:\Program Files\dotnet\;C:\Program Files (x86)\nodejs\;C:\Program Files\TortoiseGit\bin;C:\Program Files\Emscripten\emscripten\1.35.0;C:\Program Files\Emscripten;C:\Program Files\Emscripten\clang\e1.35.0_64bit;C:\Program Files\Emscripten\node\0.12.2_64bit;C:\Program Files\Emscripten\python\2.7.5.3_64bit;C:\Program Files\Emscripten\java\7.45_64bit\bin;C:\Program Files\Emscripten\crunch\1.03;C:\Program Files\Emscripten\mingw\4.6.2_32bit;C:\Users\pazureck\AppData\Local\Microsoft\WindowsApps;C:\Program Files (x86)\Microsoft VS Code\bin;C:\Users\pazureck\AppData\Roaming\npm;C:\Program Files (x86)\Microsoft VS Code Insiders\bin
10 verbose lifecycle ui5manifest-language-server@0.0.1~watch: CWD: c:\Dev\ui5tsextension\ui5manifestjsonserver
11 silly lifecycle ui5manifest-language-server@0.0.1~watch: Args: [ '/d /s /c',
11 silly lifecycle   'installServerIntoExtension ../client ./package.json ./tsconfig.json && tsc --watch -p .' ]
12 silly lifecycle ui5manifest-language-server@0.0.1~watch: Returned: code: 1  signal: null
13 info lifecycle ui5manifest-language-server@0.0.1~watch: Failed to exec watch script
14 verbose stack Error: ui5manifest-language-server@0.0.1 watch: `installServerIntoExtension ../client ./package.json ./tsconfig.json && tsc --watch -p .`
14 verbose stack Exit status 1
14 verbose stack     at EventEmitter.<anonymous> (C:\Program Files (x86)\nodejs\node_modules\npm\lib\utils\lifecycle.js:255:16)
14 verbose stack     at emitTwo (events.js:106:13)
14 verbose stack     at EventEmitter.emit (events.js:191:7)
14 verbose stack     at ChildProcess.<anonymous> (C:\Program Files (x86)\nodejs\node_modules\npm\lib\utils\spawn.js:40:14)
14 verbose stack     at emitTwo (events.js:106:13)
14 verbose stack     at ChildProcess.emit (events.js:191:7)
14 verbose stack     at maybeClose (internal/child_process.js:877:16)
14 verbose stack     at Process.ChildProcess._handle.onexit (internal/child_process.js:226:5)
15 verbose pkgid ui5manifest-language-server@0.0.1
16 verbose cwd c:\Dev\ui5tsextension\ui5manifestjsonserver
17 error Windows_NT 10.0.14393
18 error argv "C:\\Program Files (x86)\\nodejs\\node.exe" "C:\\Program Files (x86)\\nodejs\\node_modules\\npm\\bin\\npm-cli.js" "run" "watch"
19 error node v6.9.1
20 error npm  v3.10.8
21 error code ELIFECYCLE
22 error ui5manifest-language-server@0.0.1 watch: `installServerIntoExtension ../client ./package.json ./tsconfig.json && tsc --watch -p .`
22 error Exit status 1
23 error Failed at the ui5manifest-language-server@0.0.1 watch script 'installServerIntoExtension ../client ./package.json ./tsconfig.json && tsc --watch -p .'.
23 error Make sure you have the latest version of node.js and npm installed.
23 error If you do, this is most likely a problem with the ui5manifest-language-server package,
23 error not with npm itself.
23 error Tell the author that this fails on your system:
23 error     installServerIntoExtension ../client ./package.json ./tsconfig.json && tsc --watch -p .
23 error You can get information on how to open an issue for this project with:
23 error     npm bugs ui5manifest-language-server
23 error Or if that isn't available, you can get their info via:
23 error     npm owner ls ui5manifest-language-server
23 error There is likely additional logging output above.
24 verbose exit [ 1, true ]
